<?xml version="1.0" encoding="utf-8"?>
<TestRun id="cd2163a1-d325-4b43-98cd-44ef8d9dee49" name="mrank@HPELITEONE1000 2020-04-23 16:31:40" runUser="HPELITEONE1000\mrank" xmlns="http://microsoft.com/schemas/VisualStudio/TeamTest/2010">
  <Times creation="2020-04-23T16:31:40.3374526+02:00" queuing="2020-04-23T16:31:40.3374526+02:00" start="2020-04-23T16:31:39.9200132+02:00" finish="2020-04-23T16:31:40.8270481+02:00" />
  <TestSettings name="default" id="28ff5b23-e206-4258-ba3a-2b28cdfe965e">
    <Deployment runDeploymentRoot="mrank_HPELITEONE1000_2020-04-23_16_31_40" />
  </TestSettings>
  <Results>
    <UnitTestResult executionId="4908729a-d01f-4ea0-bc60-536809d5386d" testId="28695428-1fa6-6441-0eb2-1e05fb8d157f" testName="TST010_aa" computerName="HPELITEONE1000" duration="00:00:00.0541680" startTime="2020-04-23T16:31:40.3583963+02:00" endTime="2020-04-23T16:31:40.4142469+02:00" testType="13cdc9d9-ddb5-4fa4-a97d-d965ccfc6d4b" outcome="Passed" testListId="8c84fa94-04c1-424b-9868-57a2d4851a1d" relativeResultsDirectory="4908729a-d01f-4ea0-bc60-536809d5386d" />
    <UnitTestResult executionId="975914b0-e06b-4278-af7d-4295e8275863" testId="2bb46c4b-ad7c-98a3-0b59-dd055103715e" testName="TST006_ar" computerName="HPELITEONE1000" duration="00:00:00.0002714" startTime="2020-04-23T16:31:40.3484229+02:00" endTime="2020-04-23T16:31:40.3484229+02:00" testType="13cdc9d9-ddb5-4fa4-a97d-d965ccfc6d4b" outcome="Passed" testListId="8c84fa94-04c1-424b-9868-57a2d4851a1d" relativeResultsDirectory="975914b0-e06b-4278-af7d-4295e8275863" />
    <UnitTestResult executionId="6afbe508-db34-411b-8b34-3d1bed4c7a65" testId="9136e2d9-62ab-c9b4-e481-1aba18494b4f" testName="TST009_aa" computerName="HPELITEONE1000" duration="00:00:00.0005594" startTime="2020-04-23T16:31:40.3573994+02:00" endTime="2020-04-23T16:31:40.3583963+02:00" testType="13cdc9d9-ddb5-4fa4-a97d-d965ccfc6d4b" outcome="Passed" testListId="8c84fa94-04c1-424b-9868-57a2d4851a1d" relativeResultsDirectory="6afbe508-db34-411b-8b34-3d1bed4c7a65" />
    <UnitTestResult executionId="e58520ab-7897-4883-ac71-2dc6327ab3e7" testId="f2788565-3ce8-47fc-12a9-98c81a3a423a" testName="TST006_ad" computerName="HPELITEONE1000" duration="00:00:00.0002734" startTime="2020-04-23T16:31:40.3424385+02:00" endTime="2020-04-23T16:31:40.3434360+02:00" testType="13cdc9d9-ddb5-4fa4-a97d-d965ccfc6d4b" outcome="Passed" testListId="8c84fa94-04c1-424b-9868-57a2d4851a1d" relativeResultsDirectory="e58520ab-7897-4883-ac71-2dc6327ab3e7" />
    <UnitTestResult executionId="5f861d15-e2b8-42a4-ad57-1bd9d8f4c0e1" testId="e8d885a6-82e1-8f92-e3c9-3fb835040ba0" testName="TST001_aa" computerName="HPELITEONE1000" duration="00:00:00.0398432" startTime="2020-04-23T16:31:40.1449667+02:00" endTime="2020-04-23T16:31:40.2187690+02:00" testType="13cdc9d9-ddb5-4fa4-a97d-d965ccfc6d4b" outcome="Passed" testListId="8c84fa94-04c1-424b-9868-57a2d4851a1d" relativeResultsDirectory="5f861d15-e2b8-42a4-ad57-1bd9d8f4c0e1" />
    <UnitTestResult executionId="ebbfd547-82b0-405b-a0c1-ef0c2ff7eaf0" testId="c12c8960-762f-2a99-75d5-d85ac0a32c9a" testName="TST007_aa" computerName="HPELITEONE1000" duration="00:00:00.0008454" startTime="2020-04-23T16:31:40.3504173+02:00" endTime="2020-04-23T16:31:40.3514148+02:00" testType="13cdc9d9-ddb5-4fa4-a97d-d965ccfc6d4b" outcome="Passed" testListId="8c84fa94-04c1-424b-9868-57a2d4851a1d" relativeResultsDirectory="ebbfd547-82b0-405b-a0c1-ef0c2ff7eaf0" />
    <UnitTestResult executionId="da75bfb2-ecc9-460c-b20e-096cc67fe11f" testId="5a137794-418d-1165-a391-fd7375f3a625" testName="TST006_ag" computerName="HPELITEONE1000" duration="00:00:00.0002257" startTime="2020-04-23T16:31:40.3444335+02:00" endTime="2020-04-23T16:31:40.3444335+02:00" testType="13cdc9d9-ddb5-4fa4-a97d-d965ccfc6d4b" outcome="Passed" testListId="8c84fa94-04c1-424b-9868-57a2d4851a1d" relativeResultsDirectory="da75bfb2-ecc9-460c-b20e-096cc67fe11f" />
    <UnitTestResult executionId="427a5ed9-75d5-4553-9821-74f04d9e351a" testId="f702a9c9-056a-f730-8809-f997b2e89069" testName="TST007_af" computerName="HPELITEONE1000" duration="00:00:00.0006639" startTime="2020-04-23T16:31:40.3544067+02:00" endTime="2020-04-23T16:31:40.3554044+02:00" testType="13cdc9d9-ddb5-4fa4-a97d-d965ccfc6d4b" outcome="Passed" testListId="8c84fa94-04c1-424b-9868-57a2d4851a1d" relativeResultsDirectory="427a5ed9-75d5-4553-9821-74f04d9e351a" />
    <UnitTestResult executionId="42fa777c-5c1d-44dc-86f9-771c31e7349c" testId="deb2531a-a893-e3f2-914b-34d57fbf133b" testName="TST004_ac" computerName="HPELITEONE1000" duration="00:00:00.0002024" startTime="2020-04-23T16:31:40.3354583+02:00" endTime="2020-04-23T16:31:40.3354583+02:00" testType="13cdc9d9-ddb5-4fa4-a97d-d965ccfc6d4b" outcome="Passed" testListId="8c84fa94-04c1-424b-9868-57a2d4851a1d" relativeResultsDirectory="42fa777c-5c1d-44dc-86f9-771c31e7349c" />
    <UnitTestResult executionId="1d88963f-4ae8-47fe-a7c4-e00dad59624b" testId="b1a52b0c-869b-7f5a-e477-1eb01fc92239" testName="TST005_ab" computerName="HPELITEONE1000" duration="00:00:00.0002538" startTime="2020-04-23T16:31:40.3364556+02:00" endTime="2020-04-23T16:31:40.3364556+02:00" testType="13cdc9d9-ddb5-4fa4-a97d-d965ccfc6d4b" outcome="Passed" testListId="8c84fa94-04c1-424b-9868-57a2d4851a1d" relativeResultsDirectory="1d88963f-4ae8-47fe-a7c4-e00dad59624b" />
    <UnitTestResult executionId="e46a2dbb-228e-444c-a3b5-e79690f7ffad" testId="1f32da53-228f-4b1f-3252-e0884cb8363d" testName="TST005_ac" computerName="HPELITEONE1000" duration="00:00:00.0002496" startTime="2020-04-23T16:31:40.3364556+02:00" endTime="2020-04-23T16:31:40.3374526+02:00" testType="13cdc9d9-ddb5-4fa4-a97d-d965ccfc6d4b" outcome="Passed" testListId="8c84fa94-04c1-424b-9868-57a2d4851a1d" relativeResultsDirectory="e46a2dbb-228e-444c-a3b5-e79690f7ffad" />
    <UnitTestResult executionId="03276440-d698-4f8b-8b26-0cc8d408e2b7" testId="af368b4e-bf2a-ddbd-ed71-a259d0947516" testName="TST001_ad" computerName="HPELITEONE1000" duration="00:00:00.0007202" startTime="2020-04-23T16:31:40.2247531+02:00" endTime="2020-04-23T16:31:40.2257505+02:00" testType="13cdc9d9-ddb5-4fa4-a97d-d965ccfc6d4b" outcome="Passed" testListId="8c84fa94-04c1-424b-9868-57a2d4851a1d" relativeResultsDirectory="03276440-d698-4f8b-8b26-0cc8d408e2b7" />
    <UnitTestResult executionId="7dad3d51-4b57-4fd3-a8bb-1dd495d482c8" testId="77ae6139-f27a-a467-0553-bd188dacd279" testName="TST005_ad" computerName="HPELITEONE1000" duration="00:00:00.0002471" startTime="2020-04-23T16:31:40.3374526+02:00" endTime="2020-04-23T16:31:40.3374526+02:00" testType="13cdc9d9-ddb5-4fa4-a97d-d965ccfc6d4b" outcome="Passed" testListId="8c84fa94-04c1-424b-9868-57a2d4851a1d" relativeResultsDirectory="7dad3d51-4b57-4fd3-a8bb-1dd495d482c8" />
    <UnitTestResult executionId="c8192c9d-f46b-4e41-9d28-3fee9ca01ff7" testId="605b8073-e515-3dd3-71aa-a70b9a6be632" testName="TST004_ad" computerName="HPELITEONE1000" duration="00:00:00.0001101" startTime="2020-04-23T16:31:40.3354583+02:00" endTime="2020-04-23T16:31:40.3354583+02:00" testType="13cdc9d9-ddb5-4fa4-a97d-d965ccfc6d4b" outcome="Passed" testListId="8c84fa94-04c1-424b-9868-57a2d4851a1d" relativeResultsDirectory="c8192c9d-f46b-4e41-9d28-3fee9ca01ff7" />
    <UnitTestResult executionId="f12fd522-0245-4b1f-bd40-47dd7316fe3e" testId="4d649048-8a61-e3a5-97f7-23cd15025df9" testName="TST006_ab" computerName="HPELITEONE1000" duration="00:00:00.0002748" startTime="2020-04-23T16:31:40.3414413+02:00" endTime="2020-04-23T16:31:40.3424385+02:00" testType="13cdc9d9-ddb5-4fa4-a97d-d965ccfc6d4b" outcome="Passed" testListId="8c84fa94-04c1-424b-9868-57a2d4851a1d" relativeResultsDirectory="f12fd522-0245-4b1f-bd40-47dd7316fe3e" />
    <UnitTestResult executionId="36f26303-52fa-4fc9-950e-caa82e1246f0" testId="6c81c83a-7b34-bb36-3c67-9abc31cf4f87" testName="TST001_ac" computerName="HPELITEONE1000" duration="00:00:00.0007274" startTime="2020-04-23T16:31:40.2237564+02:00" endTime="2020-04-23T16:31:40.2247531+02:00" testType="13cdc9d9-ddb5-4fa4-a97d-d965ccfc6d4b" outcome="Passed" testListId="8c84fa94-04c1-424b-9868-57a2d4851a1d" relativeResultsDirectory="36f26303-52fa-4fc9-950e-caa82e1246f0" />
    <UnitTestResult executionId="6a43eaca-150a-46a7-825c-075e1ff7ce31" testId="13bff4e1-dad9-d4aa-0e7c-107f2c3d5d96" testName="TST006_aa" computerName="HPELITEONE1000" duration="00:00:00.0003153" startTime="2020-04-23T16:31:40.3414413+02:00" endTime="2020-04-23T16:31:40.3414413+02:00" testType="13cdc9d9-ddb5-4fa4-a97d-d965ccfc6d4b" outcome="Passed" testListId="8c84fa94-04c1-424b-9868-57a2d4851a1d" relativeResultsDirectory="6a43eaca-150a-46a7-825c-075e1ff7ce31" />
    <UnitTestResult executionId="95e997e0-a740-49d5-8e89-1b299954b69d" testId="05741eae-1853-2998-73f7-0ab627cea30e" testName="TST006_an" computerName="HPELITEONE1000" duration="00:00:00.0002628" startTime="2020-04-23T16:31:40.3464285+02:00" endTime="2020-04-23T16:31:40.3474253+02:00" testType="13cdc9d9-ddb5-4fa4-a97d-d965ccfc6d4b" outcome="Passed" testListId="8c84fa94-04c1-424b-9868-57a2d4851a1d" relativeResultsDirectory="95e997e0-a740-49d5-8e89-1b299954b69d" />
    <UnitTestResult executionId="8a4f8ae9-ac6f-4996-b7ff-873c3c148c6d" testId="40e4ad06-eafd-d734-7f36-dac3b27ab356" testName="TST006_al" computerName="HPELITEONE1000" duration="00:00:00.0002260" startTime="2020-04-23T16:31:40.3464285+02:00" endTime="2020-04-23T16:31:40.3464285+02:00" testType="13cdc9d9-ddb5-4fa4-a97d-d965ccfc6d4b" outcome="Passed" testListId="8c84fa94-04c1-424b-9868-57a2d4851a1d" relativeResultsDirectory="8a4f8ae9-ac6f-4996-b7ff-873c3c148c6d" />
    <UnitTestResult executionId="087b3bef-8906-4531-960a-bf6e3bd2e038" testId="3b13b257-a942-811e-f0b4-a23e9fe8f159" testName="TST007_ad" computerName="HPELITEONE1000" duration="00:00:00.0002488" startTime="2020-04-23T16:31:40.3544067+02:00" endTime="2020-04-23T16:31:40.3544067+02:00" testType="13cdc9d9-ddb5-4fa4-a97d-d965ccfc6d4b" outcome="Passed" testListId="8c84fa94-04c1-424b-9868-57a2d4851a1d" relativeResultsDirectory="087b3bef-8906-4531-960a-bf6e3bd2e038" />
    <UnitTestResult executionId="13285e41-2afd-451e-9692-fe6f21b54eb7" testId="0f52781f-b15d-3052-bbaa-de3f1a992540" testName="TST004_aa" computerName="HPELITEONE1000" duration="00:00:00.0006333" startTime="2020-04-23T16:31:40.3334626+02:00" endTime="2020-04-23T16:31:40.3344602+02:00" testType="13cdc9d9-ddb5-4fa4-a97d-d965ccfc6d4b" outcome="Passed" testListId="8c84fa94-04c1-424b-9868-57a2d4851a1d" relativeResultsDirectory="13285e41-2afd-451e-9692-fe6f21b54eb7" />
    <UnitTestResult executionId="929ed511-b206-4b14-a95c-846166fd29ae" testId="af1cf1ea-71a6-3872-cf3a-5082a23627bc" testName="TST003_aa" computerName="HPELITEONE1000" duration="00:00:00.0972711" startTime="2020-04-23T16:31:40.2327318+02:00" endTime="2020-04-23T16:31:40.3304927+02:00" testType="13cdc9d9-ddb5-4fa4-a97d-d965ccfc6d4b" outcome="Passed" testListId="8c84fa94-04c1-424b-9868-57a2d4851a1d" relativeResultsDirectory="929ed511-b206-4b14-a95c-846166fd29ae" />
    <UnitTestResult executionId="af00956a-f49b-4756-aa30-be070896c0b1" testId="e0c25f78-ea2e-14f0-3db9-4bf6bd866e0d" testName="TST006_af" computerName="HPELITEONE1000" duration="00:00:00.0002497" startTime="2020-04-23T16:31:40.3434360+02:00" endTime="2020-04-23T16:31:40.3444335+02:00" testType="13cdc9d9-ddb5-4fa4-a97d-d965ccfc6d4b" outcome="Passed" testListId="8c84fa94-04c1-424b-9868-57a2d4851a1d" relativeResultsDirectory="af00956a-f49b-4756-aa30-be070896c0b1" />
    <UnitTestResult executionId="521f28e3-ece2-44c4-89f5-bb4f34ad1381" testId="bb265556-cfe0-db92-827d-5a7f88c99093" testName="TST006_am" computerName="HPELITEONE1000" duration="00:00:00.0002614" startTime="2020-04-23T16:31:40.3464285+02:00" endTime="2020-04-23T16:31:40.3464285+02:00" testType="13cdc9d9-ddb5-4fa4-a97d-d965ccfc6d4b" outcome="Passed" testListId="8c84fa94-04c1-424b-9868-57a2d4851a1d" relativeResultsDirectory="521f28e3-ece2-44c4-89f5-bb4f34ad1381" />
    <UnitTestResult executionId="e1e826b7-578c-4887-a217-306b823f5d4a" testId="8948505a-68ce-0c08-c9a1-292a959da8e0" testName="TST005_ae" computerName="HPELITEONE1000" duration="00:00:00.0002666" startTime="2020-04-23T16:31:40.3374526+02:00" endTime="2020-04-23T16:31:40.3374526+02:00" testType="13cdc9d9-ddb5-4fa4-a97d-d965ccfc6d4b" outcome="Passed" testListId="8c84fa94-04c1-424b-9868-57a2d4851a1d" relativeResultsDirectory="e1e826b7-578c-4887-a217-306b823f5d4a" />
    <UnitTestResult executionId="7b725887-9ad1-43b4-ad41-8eb61bab0e5f" testId="0eef4aef-3f27-47de-3f9f-d4cec1e4e367" testName="TST006_ae" computerName="HPELITEONE1000" duration="00:00:00.0004380" startTime="2020-04-23T16:31:40.3434360+02:00" endTime="2020-04-23T16:31:40.3434360+02:00" testType="13cdc9d9-ddb5-4fa4-a97d-d965ccfc6d4b" outcome="Passed" testListId="8c84fa94-04c1-424b-9868-57a2d4851a1d" relativeResultsDirectory="7b725887-9ad1-43b4-ad41-8eb61bab0e5f" />
    <UnitTestResult executionId="355eee9f-58ce-4cc3-91df-0efb50ad3fb8" testId="5d8d4483-c9b1-d3e4-01d7-3a974cbc2244" testName="TST007_ab" computerName="HPELITEONE1000" duration="00:00:00.0021122" startTime="2020-04-23T16:31:40.3514148+02:00" endTime="2020-04-23T16:31:40.3534094+02:00" testType="13cdc9d9-ddb5-4fa4-a97d-d965ccfc6d4b" outcome="Passed" testListId="8c84fa94-04c1-424b-9868-57a2d4851a1d" relativeResultsDirectory="355eee9f-58ce-4cc3-91df-0efb50ad3fb8" />
    <UnitTestResult executionId="98b59fe7-be8d-405c-af43-99ec09880492" testId="9a1e708a-254b-7f77-7aeb-94f6ec7a443a" testName="TST006_ao" computerName="HPELITEONE1000" duration="00:00:00.0002592" startTime="2020-04-23T16:31:40.3474253+02:00" endTime="2020-04-23T16:31:40.3474253+02:00" testType="13cdc9d9-ddb5-4fa4-a97d-d965ccfc6d4b" outcome="Passed" testListId="8c84fa94-04c1-424b-9868-57a2d4851a1d" relativeResultsDirectory="98b59fe7-be8d-405c-af43-99ec09880492" />
    <UnitTestResult executionId="ede271d8-8e84-4d49-ac1b-f5f02cbbf762" testId="0665db7a-caf1-5006-7214-bd67a95205e6" testName="TST006_ap" computerName="HPELITEONE1000" duration="00:00:00.0002663" startTime="2020-04-23T16:31:40.3474253+02:00" endTime="2020-04-23T16:31:40.3484229+02:00" testType="13cdc9d9-ddb5-4fa4-a97d-d965ccfc6d4b" outcome="Passed" testListId="8c84fa94-04c1-424b-9868-57a2d4851a1d" relativeResultsDirectory="ede271d8-8e84-4d49-ac1b-f5f02cbbf762" />
    <UnitTestResult executionId="1cfabd69-6a48-4133-b259-24be201fec9f" testId="54aee77b-b492-dbae-cda7-6b0f82a05813" testName="TST005_al" computerName="HPELITEONE1000" duration="00:00:00.0004630" startTime="2020-04-23T16:31:40.3404440+02:00" endTime="2020-04-23T16:31:40.3414413+02:00" testType="13cdc9d9-ddb5-4fa4-a97d-d965ccfc6d4b" outcome="Passed" testListId="8c84fa94-04c1-424b-9868-57a2d4851a1d" relativeResultsDirectory="1cfabd69-6a48-4133-b259-24be201fec9f" />
    <UnitTestResult executionId="7d5c8442-7388-45ad-87b6-02cf6618a82a" testId="bcff2b1e-f124-0487-aa2e-d64b9a6d7774" testName="TST001_af" computerName="HPELITEONE1000" duration="00:00:00.0002510" startTime="2020-04-23T16:31:40.2257505+02:00" endTime="2020-04-23T16:31:40.2257505+02:00" testType="13cdc9d9-ddb5-4fa4-a97d-d965ccfc6d4b" outcome="Passed" testListId="8c84fa94-04c1-424b-9868-57a2d4851a1d" relativeResultsDirectory="7d5c8442-7388-45ad-87b6-02cf6618a82a" />
    <UnitTestResult executionId="4c3b2ffa-2dcb-418d-b504-01cadd103562" testId="da9ef2b2-a39f-41be-fb22-15da2cb635bf" testName="TST005_ag" computerName="HPELITEONE1000" duration="00:00:00.0002678" startTime="2020-04-23T16:31:40.3384508+02:00" endTime="2020-04-23T16:31:40.3384508+02:00" testType="13cdc9d9-ddb5-4fa4-a97d-d965ccfc6d4b" outcome="Passed" testListId="8c84fa94-04c1-424b-9868-57a2d4851a1d" relativeResultsDirectory="4c3b2ffa-2dcb-418d-b504-01cadd103562" />
    <UnitTestResult executionId="57349664-e476-4be2-94e4-039183e24af8" testId="ad0c63c6-0e47-4d1f-f145-b626b18a0788" testName="TST006_aj" computerName="HPELITEONE1000" duration="00:00:00.0002384" startTime="2020-04-23T16:31:40.3454308+02:00" endTime="2020-04-23T16:31:40.3454308+02:00" testType="13cdc9d9-ddb5-4fa4-a97d-d965ccfc6d4b" outcome="Passed" testListId="8c84fa94-04c1-424b-9868-57a2d4851a1d" relativeResultsDirectory="57349664-e476-4be2-94e4-039183e24af8" />
    <UnitTestResult executionId="bb605375-fa75-402e-aeed-b39a106fd96d" testId="be11eed4-bd47-6608-c643-0c1a2420db0c" testName="TST006_ah" computerName="HPELITEONE1000" duration="00:00:00.0002179" startTime="2020-04-23T16:31:40.3444335+02:00" endTime="2020-04-23T16:31:40.3444335+02:00" testType="13cdc9d9-ddb5-4fa4-a97d-d965ccfc6d4b" outcome="Passed" testListId="8c84fa94-04c1-424b-9868-57a2d4851a1d" relativeResultsDirectory="bb605375-fa75-402e-aeed-b39a106fd96d" />
    <UnitTestResult executionId="b6f653f0-4610-4e05-b89f-866190ba7d1e" testId="fccb8cea-d0ab-1d36-bf63-c563ba6a0488" testName="TST007_ae" computerName="HPELITEONE1000" duration="00:00:00.0002803" startTime="2020-04-23T16:31:40.3544067+02:00" endTime="2020-04-23T16:31:40.3544067+02:00" testType="13cdc9d9-ddb5-4fa4-a97d-d965ccfc6d4b" outcome="Passed" testListId="8c84fa94-04c1-424b-9868-57a2d4851a1d" relativeResultsDirectory="b6f653f0-4610-4e05-b89f-866190ba7d1e" />
    <UnitTestResult executionId="7a655660-38ec-43ea-9899-4e2f63b85caf" testId="2860e661-a905-f6cb-f44c-2b5342d5534c" testName="TST008_aa" computerName="HPELITEONE1000" duration="00:00:00.0006779" startTime="2020-04-23T16:31:40.3564019+02:00" endTime="2020-04-23T16:31:40.3573994+02:00" testType="13cdc9d9-ddb5-4fa4-a97d-d965ccfc6d4b" outcome="Passed" testListId="8c84fa94-04c1-424b-9868-57a2d4851a1d" relativeResultsDirectory="7a655660-38ec-43ea-9899-4e2f63b85caf" />
    <UnitTestResult executionId="c2e24679-7d4b-4fdd-b25b-90dfb214c925" testId="fae3ca1a-c9a9-258b-31a0-eae9839bbbe3" testName="TST001_ag" computerName="HPELITEONE1000" duration="00:00:00.0031113" startTime="2020-04-23T16:31:40.2257505+02:00" endTime="2020-04-23T16:31:40.2297397+02:00" testType="13cdc9d9-ddb5-4fa4-a97d-d965ccfc6d4b" outcome="Passed" testListId="8c84fa94-04c1-424b-9868-57a2d4851a1d" relativeResultsDirectory="c2e24679-7d4b-4fdd-b25b-90dfb214c925" />
    <UnitTestResult executionId="122edda3-4ed4-43af-af30-2735a73ad713" testId="22652377-05e4-a4e3-c72b-fe97610b61af" testName="TST005_ah" computerName="HPELITEONE1000" duration="00:00:00.0002982" startTime="2020-04-23T16:31:40.3384508+02:00" endTime="2020-04-23T16:31:40.3394467+02:00" testType="13cdc9d9-ddb5-4fa4-a97d-d965ccfc6d4b" outcome="Passed" testListId="8c84fa94-04c1-424b-9868-57a2d4851a1d" relativeResultsDirectory="122edda3-4ed4-43af-af30-2735a73ad713" />
    <UnitTestResult executionId="96a753f2-5292-492b-b1c1-346d7578cd08" testId="e64cc3c7-8a24-07f4-9d15-4dd0117bdb06" testName="TST005_aj" computerName="HPELITEONE1000" duration="00:00:00.0003180" startTime="2020-04-23T16:31:40.3394467+02:00" endTime="2020-04-23T16:31:40.3404440+02:00" testType="13cdc9d9-ddb5-4fa4-a97d-d965ccfc6d4b" outcome="Passed" testListId="8c84fa94-04c1-424b-9868-57a2d4851a1d" relativeResultsDirectory="96a753f2-5292-492b-b1c1-346d7578cd08" />
    <UnitTestResult executionId="d1f3a4f7-f791-4195-8a4c-8262474c07b2" testId="fd882934-8fec-038d-e991-6e24c7890b9b" testName="TST006_ai" computerName="HPELITEONE1000" duration="00:00:00.0002839" startTime="2020-04-23T16:31:40.3444335+02:00" endTime="2020-04-23T16:31:40.3454308+02:00" testType="13cdc9d9-ddb5-4fa4-a97d-d965ccfc6d4b" outcome="Passed" testListId="8c84fa94-04c1-424b-9868-57a2d4851a1d" relativeResultsDirectory="d1f3a4f7-f791-4195-8a4c-8262474c07b2" />
    <UnitTestResult executionId="e7586c9b-514a-4e22-b299-1f7433a9bb38" testId="476c2554-2ba4-ccbf-6827-3a5a110aa5c6" testName="TST005_ai" computerName="HPELITEONE1000" duration="00:00:00.0003099" startTime="2020-04-23T16:31:40.3394467+02:00" endTime="2020-04-23T16:31:40.3394467+02:00" testType="13cdc9d9-ddb5-4fa4-a97d-d965ccfc6d4b" outcome="Passed" testListId="8c84fa94-04c1-424b-9868-57a2d4851a1d" relativeResultsDirectory="e7586c9b-514a-4e22-b299-1f7433a9bb38" />
    <UnitTestResult executionId="f7e6ad1f-1b02-4383-8279-9e5c5479a179" testId="ae14fd62-ca13-875b-95bd-579a503b1103" testName="TST005_aa" computerName="HPELITEONE1000" duration="00:00:00.0003608" startTime="2020-04-23T16:31:40.3354583+02:00" endTime="2020-04-23T16:31:40.3364556+02:00" testType="13cdc9d9-ddb5-4fa4-a97d-d965ccfc6d4b" outcome="Passed" testListId="8c84fa94-04c1-424b-9868-57a2d4851a1d" relativeResultsDirectory="f7e6ad1f-1b02-4383-8279-9e5c5479a179" />
    <UnitTestResult executionId="0fefa311-3a82-44b9-972b-35fac163f698" testId="458265ba-9e9d-2ec5-17c4-d92a02c2bfda" testName="TST001_ae" computerName="HPELITEONE1000" duration="00:00:00.0002491" startTime="2020-04-23T16:31:40.2257505+02:00" endTime="2020-04-23T16:31:40.2257505+02:00" testType="13cdc9d9-ddb5-4fa4-a97d-d965ccfc6d4b" outcome="Passed" testListId="8c84fa94-04c1-424b-9868-57a2d4851a1d" relativeResultsDirectory="0fefa311-3a82-44b9-972b-35fac163f698" />
    <UnitTestResult executionId="e6f750ab-7337-458f-bec9-41b122a36897" testId="4c0c810a-61fa-e372-f2f8-ef950447c7f0" testName="TST005_ak" computerName="HPELITEONE1000" duration="00:00:00.0003157" startTime="2020-04-23T16:31:40.3404440+02:00" endTime="2020-04-23T16:31:40.3404440+02:00" testType="13cdc9d9-ddb5-4fa4-a97d-d965ccfc6d4b" outcome="Passed" testListId="8c84fa94-04c1-424b-9868-57a2d4851a1d" relativeResultsDirectory="e6f750ab-7337-458f-bec9-41b122a36897" />
    <UnitTestResult executionId="6fda9e5d-0e17-48fb-a353-d8474f6ab67e" testId="bb54764a-0a5f-f094-8063-6c2275b04ccc" testName="TST002_aa" computerName="HPELITEONE1000" duration="00:00:00.0033831" startTime="2020-04-23T16:31:40.2297397+02:00" endTime="2020-04-23T16:31:40.2327318+02:00" testType="13cdc9d9-ddb5-4fa4-a97d-d965ccfc6d4b" outcome="Passed" testListId="8c84fa94-04c1-424b-9868-57a2d4851a1d" relativeResultsDirectory="6fda9e5d-0e17-48fb-a353-d8474f6ab67e" />
    <UnitTestResult executionId="39f1fd84-fc74-44a0-bfe0-ce417c8744db" testId="d5bd0aa6-e8b7-e641-f8c7-e351bbc2f4d7" testName="TST006_aq" computerName="HPELITEONE1000" duration="00:00:00.0002632" startTime="2020-04-23T16:31:40.3484229+02:00" endTime="2020-04-23T16:31:40.3484229+02:00" testType="13cdc9d9-ddb5-4fa4-a97d-d965ccfc6d4b" outcome="Passed" testListId="8c84fa94-04c1-424b-9868-57a2d4851a1d" relativeResultsDirectory="39f1fd84-fc74-44a0-bfe0-ce417c8744db" />
    <UnitTestResult executionId="a17a92f1-fef6-4164-88ca-fc2632a2f3a0" testId="5643952d-d554-3a01-a892-3298ec9bd92c" testName="TST005_af" computerName="HPELITEONE1000" duration="00:00:00.0002576" startTime="2020-04-23T16:31:40.3374526+02:00" endTime="2020-04-23T16:31:40.3384508+02:00" testType="13cdc9d9-ddb5-4fa4-a97d-d965ccfc6d4b" outcome="Passed" testListId="8c84fa94-04c1-424b-9868-57a2d4851a1d" relativeResultsDirectory="a17a92f1-fef6-4164-88ca-fc2632a2f3a0" />
    <UnitTestResult executionId="10f9fd9a-2a42-467e-8c65-31ef083285df" testId="600cea85-74a6-d4dd-a360-efbf21b9233d" testName="TST006_ak" computerName="HPELITEONE1000" duration="00:00:00.0002743" startTime="2020-04-23T16:31:40.3454308+02:00" endTime="2020-04-23T16:31:40.3464285+02:00" testType="13cdc9d9-ddb5-4fa4-a97d-d965ccfc6d4b" outcome="Passed" testListId="8c84fa94-04c1-424b-9868-57a2d4851a1d" relativeResultsDirectory="10f9fd9a-2a42-467e-8c65-31ef083285df" />
    <UnitTestResult executionId="42fb3a4d-04cf-4e00-b2c7-d786e5966321" testId="a3e1acf9-5d4c-300c-ee6a-40a821a81b54" testName="TST001_ab" computerName="HPELITEONE1000" duration="00:00:00.0000928" startTime="2020-04-23T16:31:40.2227585+02:00" endTime="2020-04-23T16:31:40.2237564+02:00" testType="13cdc9d9-ddb5-4fa4-a97d-d965ccfc6d4b" outcome="Passed" testListId="8c84fa94-04c1-424b-9868-57a2d4851a1d" relativeResultsDirectory="42fb3a4d-04cf-4e00-b2c7-d786e5966321" />
    <UnitTestResult executionId="9124d6d5-fa4e-482a-ae80-0db414fab475" testId="12111f6d-31b2-fa8a-3fc8-f1b14b31068b" testName="TST007_ac" computerName="HPELITEONE1000" duration="00:00:00.0002650" startTime="2020-04-23T16:31:40.3534094+02:00" endTime="2020-04-23T16:31:40.3544067+02:00" testType="13cdc9d9-ddb5-4fa4-a97d-d965ccfc6d4b" outcome="Passed" testListId="8c84fa94-04c1-424b-9868-57a2d4851a1d" relativeResultsDirectory="9124d6d5-fa4e-482a-ae80-0db414fab475" />
    <UnitTestResult executionId="13f64ec9-98f9-422d-8f3f-a260a4f4ec5c" testId="7b423355-750f-b78b-bbd9-5d52d071b81e" testName="TST006_as" computerName="HPELITEONE1000" duration="00:00:00.0002689" startTime="2020-04-23T16:31:40.3494200+02:00" endTime="2020-04-23T16:31:40.3494200+02:00" testType="13cdc9d9-ddb5-4fa4-a97d-d965ccfc6d4b" outcome="Passed" testListId="8c84fa94-04c1-424b-9868-57a2d4851a1d" relativeResultsDirectory="13f64ec9-98f9-422d-8f3f-a260a4f4ec5c" />
    <UnitTestResult executionId="c786eb13-999e-4897-b7d7-1298f6d97af1" testId="3809ecae-e44a-a042-fe2c-6be376c4fcee" testName="TST006_at" computerName="HPELITEONE1000" duration="00:00:00.0002578" startTime="2020-04-23T16:31:40.3494200+02:00" endTime="2020-04-23T16:31:40.3494200+02:00" testType="13cdc9d9-ddb5-4fa4-a97d-d965ccfc6d4b" outcome="Passed" testListId="8c84fa94-04c1-424b-9868-57a2d4851a1d" relativeResultsDirectory="c786eb13-999e-4897-b7d7-1298f6d97af1" />
    <UnitTestResult executionId="752ad3fe-de04-448b-a0e3-22a433782f67" testId="ba2efca7-2fed-4285-7131-ccef5424df37" testName="TST006_au" computerName="HPELITEONE1000" duration="00:00:00.0002702" startTime="2020-04-23T16:31:40.3494200+02:00" endTime="2020-04-23T16:31:40.3504173+02:00" testType="13cdc9d9-ddb5-4fa4-a97d-d965ccfc6d4b" outcome="Passed" testListId="8c84fa94-04c1-424b-9868-57a2d4851a1d" relativeResultsDirectory="752ad3fe-de04-448b-a0e3-22a433782f67" />
    <UnitTestResult executionId="eddea903-40b4-458a-9455-2a7b655137ac" testId="bc22859f-6c8e-8eb3-c932-1c38aa8e3c7c" testName="TST010_aa" computerName="HPELITEONE1000" duration="00:00:00.0005933" startTime="2020-04-23T16:31:40.3583963+02:00" endTime="2020-04-23T16:31:40.3583963+02:00" testType="13cdc9d9-ddb5-4fa4-a97d-d965ccfc6d4b" outcome="Passed" testListId="8c84fa94-04c1-424b-9868-57a2d4851a1d" relativeResultsDirectory="eddea903-40b4-458a-9455-2a7b655137ac" />
    <UnitTestResult executionId="56b74cf8-5bab-4918-ae6f-a2116999fbf6" testId="c02bdb86-0cb5-1289-67ec-307f7b97f66e" testName="TST006_ac" computerName="HPELITEONE1000" duration="00:00:00.0002748" startTime="2020-04-23T16:31:40.3424385+02:00" endTime="2020-04-23T16:31:40.3424385+02:00" testType="13cdc9d9-ddb5-4fa4-a97d-d965ccfc6d4b" outcome="Passed" testListId="8c84fa94-04c1-424b-9868-57a2d4851a1d" relativeResultsDirectory="56b74cf8-5bab-4918-ae6f-a2116999fbf6" />
    <UnitTestResult executionId="a35d82f6-eb51-46e0-9c15-602097c4f207" testId="b91251ea-ed28-8cb6-76fb-f3f6ffad56d2" testName="TST007_ag" computerName="HPELITEONE1000" duration="00:00:00.0003885" startTime="2020-04-23T16:31:40.3554044+02:00" endTime="2020-04-23T16:31:40.3564019+02:00" testType="13cdc9d9-ddb5-4fa4-a97d-d965ccfc6d4b" outcome="Passed" testListId="8c84fa94-04c1-424b-9868-57a2d4851a1d" relativeResultsDirectory="a35d82f6-eb51-46e0-9c15-602097c4f207" />
    <UnitTestResult executionId="b153b8ca-5a8a-45fe-89d4-3109aa6c0c9a" testId="40f1800f-a2dc-af94-c0eb-e59861780b40" testName="TST004_ab" computerName="HPELITEONE1000" duration="00:00:00.0003569" startTime="2020-04-23T16:31:40.3344602+02:00" endTime="2020-04-23T16:31:40.3354583+02:00" testType="13cdc9d9-ddb5-4fa4-a97d-d965ccfc6d4b" outcome="Passed" testListId="8c84fa94-04c1-424b-9868-57a2d4851a1d" relativeResultsDirectory="b153b8ca-5a8a-45fe-89d4-3109aa6c0c9a" />
  </Results>
  <TestDefinitions>
    <UnitTest name="TST005_aa" storage="c:\users\mrank\onedrive - xstrahl ltd\vs-projects\xphys\utpmedical\bin\debug\utpmedical.dll" id="ae14fd62-ca13-875b-95bd-579a503b1103">
      <Execution id="f7e6ad1f-1b02-4383-8279-9e5c5479a179" />
      <TestMethod codeBase="C:\Users\mrank\OneDrive - Xstrahl Ltd\VS-Projects\XPHYS\UTPmedical\bin\Debug\UTPmedical.dll" adapterTypeName="executor://mstestadapter/v2" className="UTPmedical.TST005_parameterenums" name="TST005_aa" />
    </UnitTest>
    <UnitTest name="TST007_ac" storage="c:\users\mrank\onedrive - xstrahl ltd\vs-projects\xphys\utpmedical\bin\debug\utpmedical.dll" id="12111f6d-31b2-fa8a-3fc8-f1b14b31068b">
      <Execution id="9124d6d5-fa4e-482a-ae80-0db414fab475" />
      <TestMethod codeBase="C:\Users\mrank\OneDrive - Xstrahl Ltd\VS-Projects\XPHYS\UTPmedical\bin\Debug\UTPmedical.dll" adapterTypeName="executor://mstestadapter/v2" className="UTPmedical.TST007_gulmayfunctions" name="TST007_ac" />
    </UnitTest>
    <UnitTest name="TST006_ai" storage="c:\users\mrank\onedrive - xstrahl ltd\vs-projects\xphys\utpmedical\bin\debug\utpmedical.dll" id="fd882934-8fec-038d-e991-6e24c7890b9b">
      <Execution id="d1f3a4f7-f791-4195-8a4c-8262474c07b2" />
      <TestMethod codeBase="C:\Users\mrank\OneDrive - Xstrahl Ltd\VS-Projects\XPHYS\UTPmedical\bin\Debug\UTPmedical.dll" adapterTypeName="executor://mstestadapter/v2" className="UTPmedical.TST006_instructionsenums" name="TST006_ai" />
    </UnitTest>
    <UnitTest name="TST005_ac" storage="c:\users\mrank\onedrive - xstrahl ltd\vs-projects\xphys\utpmedical\bin\debug\utpmedical.dll" id="1f32da53-228f-4b1f-3252-e0884cb8363d">
      <Execution id="e46a2dbb-228e-444c-a3b5-e79690f7ffad" />
      <TestMethod codeBase="C:\Users\mrank\OneDrive - Xstrahl Ltd\VS-Projects\XPHYS\UTPmedical\bin\Debug\UTPmedical.dll" adapterTypeName="executor://mstestadapter/v2" className="UTPmedical.TST005_parameterenums" name="TST005_ac" />
    </UnitTest>
    <UnitTest name="TST006_ak" storage="c:\users\mrank\onedrive - xstrahl ltd\vs-projects\xphys\utpmedical\bin\debug\utpmedical.dll" id="600cea85-74a6-d4dd-a360-efbf21b9233d">
      <Execution id="10f9fd9a-2a42-467e-8c65-31ef083285df" />
      <TestMethod codeBase="C:\Users\mrank\OneDrive - Xstrahl Ltd\VS-Projects\XPHYS\UTPmedical\bin\Debug\UTPmedical.dll" adapterTypeName="executor://mstestadapter/v2" className="UTPmedical.TST006_instructionsenums" name="TST006_ak" />
    </UnitTest>
    <UnitTest name="TST006_at" storage="c:\users\mrank\onedrive - xstrahl ltd\vs-projects\xphys\utpmedical\bin\debug\utpmedical.dll" id="3809ecae-e44a-a042-fe2c-6be376c4fcee">
      <Execution id="c786eb13-999e-4897-b7d7-1298f6d97af1" />
      <TestMethod codeBase="C:\Users\mrank\OneDrive - Xstrahl Ltd\VS-Projects\XPHYS\UTPmedical\bin\Debug\UTPmedical.dll" adapterTypeName="executor://mstestadapter/v2" className="UTPmedical.TST006_instructionsenums" name="TST006_at" />
    </UnitTest>
    <UnitTest name="TST006_aj" storage="c:\users\mrank\onedrive - xstrahl ltd\vs-projects\xphys\utpmedical\bin\debug\utpmedical.dll" id="ad0c63c6-0e47-4d1f-f145-b626b18a0788">
      <Execution id="57349664-e476-4be2-94e4-039183e24af8" />
      <TestMethod codeBase="C:\Users\mrank\OneDrive - Xstrahl Ltd\VS-Projects\XPHYS\UTPmedical\bin\Debug\UTPmedical.dll" adapterTypeName="executor://mstestadapter/v2" className="UTPmedical.TST006_instructionsenums" name="TST006_aj" />
    </UnitTest>
    <UnitTest name="TST005_ak" storage="c:\users\mrank\onedrive - xstrahl ltd\vs-projects\xphys\utpmedical\bin\debug\utpmedical.dll" id="4c0c810a-61fa-e372-f2f8-ef950447c7f0">
      <Execution id="e6f750ab-7337-458f-bec9-41b122a36897" />
      <TestMethod codeBase="C:\Users\mrank\OneDrive - Xstrahl Ltd\VS-Projects\XPHYS\UTPmedical\bin\Debug\UTPmedical.dll" adapterTypeName="executor://mstestadapter/v2" className="UTPmedical.TST005_parameterenums" name="TST005_ak" />
    </UnitTest>
    <UnitTest name="TST005_af" storage="c:\users\mrank\onedrive - xstrahl ltd\vs-projects\xphys\utpmedical\bin\debug\utpmedical.dll" id="5643952d-d554-3a01-a892-3298ec9bd92c">
      <Execution id="a17a92f1-fef6-4164-88ca-fc2632a2f3a0" />
      <TestMethod codeBase="C:\Users\mrank\OneDrive - Xstrahl Ltd\VS-Projects\XPHYS\UTPmedical\bin\Debug\UTPmedical.dll" adapterTypeName="executor://mstestadapter/v2" className="UTPmedical.TST005_parameterenums" name="TST005_af" />
    </UnitTest>
    <UnitTest name="TST002_aa" storage="c:\users\mrank\onedrive - xstrahl ltd\vs-projects\xphys\utpmedical\bin\debug\utpmedical.dll" id="bb54764a-0a5f-f094-8063-6c2275b04ccc">
      <Execution id="6fda9e5d-0e17-48fb-a353-d8474f6ab67e" />
      <TestMethod codeBase="C:\Users\mrank\OneDrive - Xstrahl Ltd\VS-Projects\XPHYS\UTPmedical\bin\Debug\UTPmedical.dll" adapterTypeName="executor://mstestadapter/v2" className="UTPmedical.TST002_activityparameter" name="TST002_aa" />
    </UnitTest>
    <UnitTest name="TST006_ar" storage="c:\users\mrank\onedrive - xstrahl ltd\vs-projects\xphys\utpmedical\bin\debug\utpmedical.dll" id="2bb46c4b-ad7c-98a3-0b59-dd055103715e">
      <Execution id="975914b0-e06b-4278-af7d-4295e8275863" />
      <TestMethod codeBase="C:\Users\mrank\OneDrive - Xstrahl Ltd\VS-Projects\XPHYS\UTPmedical\bin\Debug\UTPmedical.dll" adapterTypeName="executor://mstestadapter/v2" className="UTPmedical.TST006_instructionsenums" name="TST006_ar" />
    </UnitTest>
    <UnitTest name="TST006_an" storage="c:\users\mrank\onedrive - xstrahl ltd\vs-projects\xphys\utpmedical\bin\debug\utpmedical.dll" id="05741eae-1853-2998-73f7-0ab627cea30e">
      <Execution id="95e997e0-a740-49d5-8e89-1b299954b69d" />
      <TestMethod codeBase="C:\Users\mrank\OneDrive - Xstrahl Ltd\VS-Projects\XPHYS\UTPmedical\bin\Debug\UTPmedical.dll" adapterTypeName="executor://mstestadapter/v2" className="UTPmedical.TST006_instructionsenums" name="TST006_an" />
    </UnitTest>
    <UnitTest name="TST007_ag" storage="c:\users\mrank\onedrive - xstrahl ltd\vs-projects\xphys\utpmedical\bin\debug\utpmedical.dll" id="b91251ea-ed28-8cb6-76fb-f3f6ffad56d2">
      <Execution id="a35d82f6-eb51-46e0-9c15-602097c4f207" />
      <TestMethod codeBase="C:\Users\mrank\OneDrive - Xstrahl Ltd\VS-Projects\XPHYS\UTPmedical\bin\Debug\UTPmedical.dll" adapterTypeName="executor://mstestadapter/v2" className="UTPmedical.TST007_gulmayfunctions" name="TST007_ag" />
    </UnitTest>
    <UnitTest name="TST007_af" storage="c:\users\mrank\onedrive - xstrahl ltd\vs-projects\xphys\utpmedical\bin\debug\utpmedical.dll" id="f702a9c9-056a-f730-8809-f997b2e89069">
      <Execution id="427a5ed9-75d5-4553-9821-74f04d9e351a" />
      <TestMethod codeBase="C:\Users\mrank\OneDrive - Xstrahl Ltd\VS-Projects\XPHYS\UTPmedical\bin\Debug\UTPmedical.dll" adapterTypeName="executor://mstestadapter/v2" className="UTPmedical.TST007_gulmayfunctions" name="TST007_af" />
    </UnitTest>
    <UnitTest name="TST006_aa" storage="c:\users\mrank\onedrive - xstrahl ltd\vs-projects\xphys\utpmedical\bin\debug\utpmedical.dll" id="13bff4e1-dad9-d4aa-0e7c-107f2c3d5d96">
      <Execution id="6a43eaca-150a-46a7-825c-075e1ff7ce31" />
      <TestMethod codeBase="C:\Users\mrank\OneDrive - Xstrahl Ltd\VS-Projects\XPHYS\UTPmedical\bin\Debug\UTPmedical.dll" adapterTypeName="executor://mstestadapter/v2" className="UTPmedical.TST006_instructionsenums" name="TST006_aa" />
    </UnitTest>
    <UnitTest name="TST008_aa" storage="c:\users\mrank\onedrive - xstrahl ltd\vs-projects\xphys\utpmedical\bin\debug\utpmedical.dll" id="2860e661-a905-f6cb-f44c-2b5342d5534c">
      <Execution id="7a655660-38ec-43ea-9899-4e2f63b85caf" />
      <TestMethod codeBase="C:\Users\mrank\OneDrive - Xstrahl Ltd\VS-Projects\XPHYS\UTPmedical\bin\Debug\UTPmedical.dll" adapterTypeName="executor://mstestadapter/v2" className="UTPmedical.TST008_deviceparams_applicators" name="TST008_aa" />
    </UnitTest>
    <UnitTest name="TST001_ad" storage="c:\users\mrank\onedrive - xstrahl ltd\vs-projects\xphys\utpmedical\bin\debug\utpmedical.dll" id="af368b4e-bf2a-ddbd-ed71-a259d0947516">
      <Execution id="03276440-d698-4f8b-8b26-0cc8d408e2b7" />
      <TestMethod codeBase="C:\Users\mrank\OneDrive - Xstrahl Ltd\VS-Projects\XPHYS\UTPmedical\bin\Debug\UTPmedical.dll" adapterTypeName="executor://mstestadapter/v2" className="UTPmedical.TST001_comport" name="TST001_ad" />
    </UnitTest>
    <UnitTest name="TST010_aa" storage="c:\users\mrank\onedrive - xstrahl ltd\vs-projects\xphys\utpmedical\bin\debug\utpmedical.dll" id="28695428-1fa6-6441-0eb2-1e05fb8d157f">
      <Execution id="4908729a-d01f-4ea0-bc60-536809d5386d" />
      <TestMethod codeBase="C:\Users\mrank\OneDrive - Xstrahl Ltd\VS-Projects\XPHYS\UTPmedical\bin\Debug\UTPmedical.dll" adapterTypeName="executor://mstestadapter/v2" className="UTPmedical.TST011_test" name="TST010_aa" />
    </UnitTest>
    <UnitTest name="TST001_af" storage="c:\users\mrank\onedrive - xstrahl ltd\vs-projects\xphys\utpmedical\bin\debug\utpmedical.dll" id="bcff2b1e-f124-0487-aa2e-d64b9a6d7774">
      <Execution id="7d5c8442-7388-45ad-87b6-02cf6618a82a" />
      <TestMethod codeBase="C:\Users\mrank\OneDrive - Xstrahl Ltd\VS-Projects\XPHYS\UTPmedical\bin\Debug\UTPmedical.dll" adapterTypeName="executor://mstestadapter/v2" className="UTPmedical.TST001_comport" name="TST001_af" />
    </UnitTest>
    <UnitTest name="TST007_ab" storage="c:\users\mrank\onedrive - xstrahl ltd\vs-projects\xphys\utpmedical\bin\debug\utpmedical.dll" id="5d8d4483-c9b1-d3e4-01d7-3a974cbc2244">
      <Execution id="355eee9f-58ce-4cc3-91df-0efb50ad3fb8" />
      <TestMethod codeBase="C:\Users\mrank\OneDrive - Xstrahl Ltd\VS-Projects\XPHYS\UTPmedical\bin\Debug\UTPmedical.dll" adapterTypeName="executor://mstestadapter/v2" className="UTPmedical.TST007_gulmayfunctions" name="TST007_ab" />
    </UnitTest>
    <UnitTest name="TST006_ao" storage="c:\users\mrank\onedrive - xstrahl ltd\vs-projects\xphys\utpmedical\bin\debug\utpmedical.dll" id="9a1e708a-254b-7f77-7aeb-94f6ec7a443a">
      <Execution id="98b59fe7-be8d-405c-af43-99ec09880492" />
      <TestMethod codeBase="C:\Users\mrank\OneDrive - Xstrahl Ltd\VS-Projects\XPHYS\UTPmedical\bin\Debug\UTPmedical.dll" adapterTypeName="executor://mstestadapter/v2" className="UTPmedical.TST006_instructionsenums" name="TST006_ao" />
    </UnitTest>
    <UnitTest name="TST001_ac" storage="c:\users\mrank\onedrive - xstrahl ltd\vs-projects\xphys\utpmedical\bin\debug\utpmedical.dll" id="6c81c83a-7b34-bb36-3c67-9abc31cf4f87">
      <Execution id="36f26303-52fa-4fc9-950e-caa82e1246f0" />
      <TestMethod codeBase="C:\Users\mrank\OneDrive - Xstrahl Ltd\VS-Projects\XPHYS\UTPmedical\bin\Debug\UTPmedical.dll" adapterTypeName="executor://mstestadapter/v2" className="UTPmedical.TST001_comport" name="TST001_ac" />
    </UnitTest>
    <UnitTest name="TST006_as" storage="c:\users\mrank\onedrive - xstrahl ltd\vs-projects\xphys\utpmedical\bin\debug\utpmedical.dll" id="7b423355-750f-b78b-bbd9-5d52d071b81e">
      <Execution id="13f64ec9-98f9-422d-8f3f-a260a4f4ec5c" />
      <TestMethod codeBase="C:\Users\mrank\OneDrive - Xstrahl Ltd\VS-Projects\XPHYS\UTPmedical\bin\Debug\UTPmedical.dll" adapterTypeName="executor://mstestadapter/v2" className="UTPmedical.TST006_instructionsenums" name="TST006_as" />
    </UnitTest>
    <UnitTest name="TST001_ab" storage="c:\users\mrank\onedrive - xstrahl ltd\vs-projects\xphys\utpmedical\bin\debug\utpmedical.dll" id="a3e1acf9-5d4c-300c-ee6a-40a821a81b54">
      <Execution id="42fb3a4d-04cf-4e00-b2c7-d786e5966321" />
      <TestMethod codeBase="C:\Users\mrank\OneDrive - Xstrahl Ltd\VS-Projects\XPHYS\UTPmedical\bin\Debug\UTPmedical.dll" adapterTypeName="executor://mstestadapter/v2" className="UTPmedical.TST001_comport" name="TST001_ab" />
    </UnitTest>
    <UnitTest name="TST009_aa" storage="c:\users\mrank\onedrive - xstrahl ltd\vs-projects\xphys\utpmedical\bin\debug\utpmedical.dll" id="9136e2d9-62ab-c9b4-e481-1aba18494b4f">
      <Execution id="6afbe508-db34-411b-8b34-3d1bed4c7a65" />
      <TestMethod codeBase="C:\Users\mrank\OneDrive - Xstrahl Ltd\VS-Projects\XPHYS\UTPmedical\bin\Debug\UTPmedical.dll" adapterTypeName="executor://mstestadapter/v2" className="UTPmedical.TST009_deviceparams_filters" name="TST009_aa" />
    </UnitTest>
    <UnitTest name="TST007_ad" storage="c:\users\mrank\onedrive - xstrahl ltd\vs-projects\xphys\utpmedical\bin\debug\utpmedical.dll" id="3b13b257-a942-811e-f0b4-a23e9fe8f159">
      <Execution id="087b3bef-8906-4531-960a-bf6e3bd2e038" />
      <TestMethod codeBase="C:\Users\mrank\OneDrive - Xstrahl Ltd\VS-Projects\XPHYS\UTPmedical\bin\Debug\UTPmedical.dll" adapterTypeName="executor://mstestadapter/v2" className="UTPmedical.TST007_gulmayfunctions" name="TST007_ad" />
    </UnitTest>
    <UnitTest name="TST006_af" storage="c:\users\mrank\onedrive - xstrahl ltd\vs-projects\xphys\utpmedical\bin\debug\utpmedical.dll" id="e0c25f78-ea2e-14f0-3db9-4bf6bd866e0d">
      <Execution id="af00956a-f49b-4756-aa30-be070896c0b1" />
      <TestMethod codeBase="C:\Users\mrank\OneDrive - Xstrahl Ltd\VS-Projects\XPHYS\UTPmedical\bin\Debug\UTPmedical.dll" adapterTypeName="executor://mstestadapter/v2" className="UTPmedical.TST006_instructionsenums" name="TST006_af" />
    </UnitTest>
    <UnitTest name="TST004_ac" storage="c:\users\mrank\onedrive - xstrahl ltd\vs-projects\xphys\utpmedical\bin\debug\utpmedical.dll" id="deb2531a-a893-e3f2-914b-34d57fbf133b">
      <Execution id="42fa777c-5c1d-44dc-86f9-771c31e7349c" />
      <TestMethod codeBase="C:\Users\mrank\OneDrive - Xstrahl Ltd\VS-Projects\XPHYS\UTPmedical\bin\Debug\UTPmedical.dll" adapterTypeName="executor://mstestadapter/v2" className="UTPmedical.TST004_functionsformatting" name="TST004_ac" />
    </UnitTest>
    <UnitTest name="TST010_aa" storage="c:\users\mrank\onedrive - xstrahl ltd\vs-projects\xphys\utpmedical\bin\debug\utpmedical.dll" id="bc22859f-6c8e-8eb3-c932-1c38aa8e3c7c">
      <Execution id="eddea903-40b4-458a-9455-2a7b655137ac" />
      <TestMethod codeBase="C:\Users\mrank\OneDrive - Xstrahl Ltd\VS-Projects\XPHYS\UTPmedical\bin\Debug\UTPmedical.dll" adapterTypeName="executor://mstestadapter/v2" className="UTPmedical.TST010_deviceparams_device" name="TST010_aa" />
    </UnitTest>
    <UnitTest name="TST006_ag" storage="c:\users\mrank\onedrive - xstrahl ltd\vs-projects\xphys\utpmedical\bin\debug\utpmedical.dll" id="5a137794-418d-1165-a391-fd7375f3a625">
      <Execution id="da75bfb2-ecc9-460c-b20e-096cc67fe11f" />
      <TestMethod codeBase="C:\Users\mrank\OneDrive - Xstrahl Ltd\VS-Projects\XPHYS\UTPmedical\bin\Debug\UTPmedical.dll" adapterTypeName="executor://mstestadapter/v2" className="UTPmedical.TST006_instructionsenums" name="TST006_ag" />
    </UnitTest>
    <UnitTest name="TST006_al" storage="c:\users\mrank\onedrive - xstrahl ltd\vs-projects\xphys\utpmedical\bin\debug\utpmedical.dll" id="40e4ad06-eafd-d734-7f36-dac3b27ab356">
      <Execution id="8a4f8ae9-ac6f-4996-b7ff-873c3c148c6d" />
      <TestMethod codeBase="C:\Users\mrank\OneDrive - Xstrahl Ltd\VS-Projects\XPHYS\UTPmedical\bin\Debug\UTPmedical.dll" adapterTypeName="executor://mstestadapter/v2" className="UTPmedical.TST006_instructionsenums" name="TST006_al" />
    </UnitTest>
    <UnitTest name="TST001_ae" storage="c:\users\mrank\onedrive - xstrahl ltd\vs-projects\xphys\utpmedical\bin\debug\utpmedical.dll" id="458265ba-9e9d-2ec5-17c4-d92a02c2bfda">
      <Execution id="0fefa311-3a82-44b9-972b-35fac163f698" />
      <TestMethod codeBase="C:\Users\mrank\OneDrive - Xstrahl Ltd\VS-Projects\XPHYS\UTPmedical\bin\Debug\UTPmedical.dll" adapterTypeName="executor://mstestadapter/v2" className="UTPmedical.TST001_comport" name="TST001_ae" />
    </UnitTest>
    <UnitTest name="TST005_ad" storage="c:\users\mrank\onedrive - xstrahl ltd\vs-projects\xphys\utpmedical\bin\debug\utpmedical.dll" id="77ae6139-f27a-a467-0553-bd188dacd279">
      <Execution id="7dad3d51-4b57-4fd3-a8bb-1dd495d482c8" />
      <TestMethod codeBase="C:\Users\mrank\OneDrive - Xstrahl Ltd\VS-Projects\XPHYS\UTPmedical\bin\Debug\UTPmedical.dll" adapterTypeName="executor://mstestadapter/v2" className="UTPmedical.TST005_parameterenums" name="TST005_ad" />
    </UnitTest>
    <UnitTest name="TST006_aq" storage="c:\users\mrank\onedrive - xstrahl ltd\vs-projects\xphys\utpmedical\bin\debug\utpmedical.dll" id="d5bd0aa6-e8b7-e641-f8c7-e351bbc2f4d7">
      <Execution id="39f1fd84-fc74-44a0-bfe0-ce417c8744db" />
      <TestMethod codeBase="C:\Users\mrank\OneDrive - Xstrahl Ltd\VS-Projects\XPHYS\UTPmedical\bin\Debug\UTPmedical.dll" adapterTypeName="executor://mstestadapter/v2" className="UTPmedical.TST006_instructionsenums" name="TST006_aq" />
    </UnitTest>
    <UnitTest name="TST001_ag" storage="c:\users\mrank\onedrive - xstrahl ltd\vs-projects\xphys\utpmedical\bin\debug\utpmedical.dll" id="fae3ca1a-c9a9-258b-31a0-eae9839bbbe3">
      <Execution id="c2e24679-7d4b-4fdd-b25b-90dfb214c925" />
      <TestMethod codeBase="C:\Users\mrank\OneDrive - Xstrahl Ltd\VS-Projects\XPHYS\UTPmedical\bin\Debug\UTPmedical.dll" adapterTypeName="executor://mstestadapter/v2" className="UTPmedical.TST001_comport" name="TST001_ag" />
    </UnitTest>
    <UnitTest name="TST006_au" storage="c:\users\mrank\onedrive - xstrahl ltd\vs-projects\xphys\utpmedical\bin\debug\utpmedical.dll" id="ba2efca7-2fed-4285-7131-ccef5424df37">
      <Execution id="752ad3fe-de04-448b-a0e3-22a433782f67" />
      <TestMethod codeBase="C:\Users\mrank\OneDrive - Xstrahl Ltd\VS-Projects\XPHYS\UTPmedical\bin\Debug\UTPmedical.dll" adapterTypeName="executor://mstestadapter/v2" className="UTPmedical.TST006_instructionsenums" name="TST006_au" />
    </UnitTest>
    <UnitTest name="TST005_aj" storage="c:\users\mrank\onedrive - xstrahl ltd\vs-projects\xphys\utpmedical\bin\debug\utpmedical.dll" id="e64cc3c7-8a24-07f4-9d15-4dd0117bdb06">
      <Execution id="96a753f2-5292-492b-b1c1-346d7578cd08" />
      <TestMethod codeBase="C:\Users\mrank\OneDrive - Xstrahl Ltd\VS-Projects\XPHYS\UTPmedical\bin\Debug\UTPmedical.dll" adapterTypeName="executor://mstestadapter/v2" className="UTPmedical.TST005_parameterenums" name="TST005_aj" />
    </UnitTest>
    <UnitTest name="TST004_ad" storage="c:\users\mrank\onedrive - xstrahl ltd\vs-projects\xphys\utpmedical\bin\debug\utpmedical.dll" id="605b8073-e515-3dd3-71aa-a70b9a6be632">
      <Execution id="c8192c9d-f46b-4e41-9d28-3fee9ca01ff7" />
      <TestMethod codeBase="C:\Users\mrank\OneDrive - Xstrahl Ltd\VS-Projects\XPHYS\UTPmedical\bin\Debug\UTPmedical.dll" adapterTypeName="executor://mstestadapter/v2" className="UTPmedical.TST004_functionsformatting" name="TST004_ad" />
    </UnitTest>
    <UnitTest name="TST005_ai" storage="c:\users\mrank\onedrive - xstrahl ltd\vs-projects\xphys\utpmedical\bin\debug\utpmedical.dll" id="476c2554-2ba4-ccbf-6827-3a5a110aa5c6">
      <Execution id="e7586c9b-514a-4e22-b299-1f7433a9bb38" />
      <TestMethod codeBase="C:\Users\mrank\OneDrive - Xstrahl Ltd\VS-Projects\XPHYS\UTPmedical\bin\Debug\UTPmedical.dll" adapterTypeName="executor://mstestadapter/v2" className="UTPmedical.TST005_parameterenums" name="TST005_ai" />
    </UnitTest>
    <UnitTest name="TST007_ae" storage="c:\users\mrank\onedrive - xstrahl ltd\vs-projects\xphys\utpmedical\bin\debug\utpmedical.dll" id="fccb8cea-d0ab-1d36-bf63-c563ba6a0488">
      <Execution id="b6f653f0-4610-4e05-b89f-866190ba7d1e" />
      <TestMethod codeBase="C:\Users\mrank\OneDrive - Xstrahl Ltd\VS-Projects\XPHYS\UTPmedical\bin\Debug\UTPmedical.dll" adapterTypeName="executor://mstestadapter/v2" className="UTPmedical.TST007_gulmayfunctions" name="TST007_ae" />
    </UnitTest>
    <UnitTest name="TST006_ap" storage="c:\users\mrank\onedrive - xstrahl ltd\vs-projects\xphys\utpmedical\bin\debug\utpmedical.dll" id="0665db7a-caf1-5006-7214-bd67a95205e6">
      <Execution id="ede271d8-8e84-4d49-ac1b-f5f02cbbf762" />
      <TestMethod codeBase="C:\Users\mrank\OneDrive - Xstrahl Ltd\VS-Projects\XPHYS\UTPmedical\bin\Debug\UTPmedical.dll" adapterTypeName="executor://mstestadapter/v2" className="UTPmedical.TST006_instructionsenums" name="TST006_ap" />
    </UnitTest>
    <UnitTest name="TST007_aa" storage="c:\users\mrank\onedrive - xstrahl ltd\vs-projects\xphys\utpmedical\bin\debug\utpmedical.dll" id="c12c8960-762f-2a99-75d5-d85ac0a32c9a">
      <Execution id="ebbfd547-82b0-405b-a0c1-ef0c2ff7eaf0" />
      <TestMethod codeBase="C:\Users\mrank\OneDrive - Xstrahl Ltd\VS-Projects\XPHYS\UTPmedical\bin\Debug\UTPmedical.dll" adapterTypeName="executor://mstestadapter/v2" className="UTPmedical.TST007_gulmayfunctions" name="TST007_aa" />
    </UnitTest>
    <UnitTest name="TST001_aa" storage="c:\users\mrank\onedrive - xstrahl ltd\vs-projects\xphys\utpmedical\bin\debug\utpmedical.dll" id="e8d885a6-82e1-8f92-e3c9-3fb835040ba0">
      <Execution id="5f861d15-e2b8-42a4-ad57-1bd9d8f4c0e1" />
      <TestMethod codeBase="C:\Users\mrank\OneDrive - Xstrahl Ltd\VS-Projects\XPHYS\UTPmedical\bin\Debug\UTPmedical.dll" adapterTypeName="executor://mstestadapter/v2" className="UTPmedical.TST001_comport" name="TST001_aa" />
    </UnitTest>
    <UnitTest name="TST005_ah" storage="c:\users\mrank\onedrive - xstrahl ltd\vs-projects\xphys\utpmedical\bin\debug\utpmedical.dll" id="22652377-05e4-a4e3-c72b-fe97610b61af">
      <Execution id="122edda3-4ed4-43af-af30-2735a73ad713" />
      <TestMethod codeBase="C:\Users\mrank\OneDrive - Xstrahl Ltd\VS-Projects\XPHYS\UTPmedical\bin\Debug\UTPmedical.dll" adapterTypeName="executor://mstestadapter/v2" className="UTPmedical.TST005_parameterenums" name="TST005_ah" />
    </UnitTest>
    <UnitTest name="TST005_ae" storage="c:\users\mrank\onedrive - xstrahl ltd\vs-projects\xphys\utpmedical\bin\debug\utpmedical.dll" id="8948505a-68ce-0c08-c9a1-292a959da8e0">
      <Execution id="e1e826b7-578c-4887-a217-306b823f5d4a" />
      <TestMethod codeBase="C:\Users\mrank\OneDrive - Xstrahl Ltd\VS-Projects\XPHYS\UTPmedical\bin\Debug\UTPmedical.dll" adapterTypeName="executor://mstestadapter/v2" className="UTPmedical.TST005_parameterenums" name="TST005_ae" />
    </UnitTest>
    <UnitTest name="TST004_ab" storage="c:\users\mrank\onedrive - xstrahl ltd\vs-projects\xphys\utpmedical\bin\debug\utpmedical.dll" id="40f1800f-a2dc-af94-c0eb-e59861780b40">
      <Execution id="b153b8ca-5a8a-45fe-89d4-3109aa6c0c9a" />
      <TestMethod codeBase="C:\Users\mrank\OneDrive - Xstrahl Ltd\VS-Projects\XPHYS\UTPmedical\bin\Debug\UTPmedical.dll" adapterTypeName="executor://mstestadapter/v2" className="UTPmedical.TST004_functionsformatting" name="TST004_ab" />
    </UnitTest>
    <UnitTest name="TST006_am" storage="c:\users\mrank\onedrive - xstrahl ltd\vs-projects\xphys\utpmedical\bin\debug\utpmedical.dll" id="bb265556-cfe0-db92-827d-5a7f88c99093">
      <Execution id="521f28e3-ece2-44c4-89f5-bb4f34ad1381" />
      <TestMethod codeBase="C:\Users\mrank\OneDrive - Xstrahl Ltd\VS-Projects\XPHYS\UTPmedical\bin\Debug\UTPmedical.dll" adapterTypeName="executor://mstestadapter/v2" className="UTPmedical.TST006_instructionsenums" name="TST006_am" />
    </UnitTest>
    <UnitTest name="TST006_ah" storage="c:\users\mrank\onedrive - xstrahl ltd\vs-projects\xphys\utpmedical\bin\debug\utpmedical.dll" id="be11eed4-bd47-6608-c643-0c1a2420db0c">
      <Execution id="bb605375-fa75-402e-aeed-b39a106fd96d" />
      <TestMethod codeBase="C:\Users\mrank\OneDrive - Xstrahl Ltd\VS-Projects\XPHYS\UTPmedical\bin\Debug\UTPmedical.dll" adapterTypeName="executor://mstestadapter/v2" className="UTPmedical.TST006_instructionsenums" name="TST006_ah" />
    </UnitTest>
    <UnitTest name="TST005_ag" storage="c:\users\mrank\onedrive - xstrahl ltd\vs-projects\xphys\utpmedical\bin\debug\utpmedical.dll" id="da9ef2b2-a39f-41be-fb22-15da2cb635bf">
      <Execution id="4c3b2ffa-2dcb-418d-b504-01cadd103562" />
      <TestMethod codeBase="C:\Users\mrank\OneDrive - Xstrahl Ltd\VS-Projects\XPHYS\UTPmedical\bin\Debug\UTPmedical.dll" adapterTypeName="executor://mstestadapter/v2" className="UTPmedical.TST005_parameterenums" name="TST005_ag" />
    </UnitTest>
    <UnitTest name="TST004_aa" storage="c:\users\mrank\onedrive - xstrahl ltd\vs-projects\xphys\utpmedical\bin\debug\utpmedical.dll" id="0f52781f-b15d-3052-bbaa-de3f1a992540">
      <Execution id="13285e41-2afd-451e-9692-fe6f21b54eb7" />
      <TestMethod codeBase="C:\Users\mrank\OneDrive - Xstrahl Ltd\VS-Projects\XPHYS\UTPmedical\bin\Debug\UTPmedical.dll" adapterTypeName="executor://mstestadapter/v2" className="UTPmedical.TST004_functionsformatting" name="TST004_aa" />
    </UnitTest>
    <UnitTest name="TST006_ad" storage="c:\users\mrank\onedrive - xstrahl ltd\vs-projects\xphys\utpmedical\bin\debug\utpmedical.dll" id="f2788565-3ce8-47fc-12a9-98c81a3a423a">
      <Execution id="e58520ab-7897-4883-ac71-2dc6327ab3e7" />
      <TestMethod codeBase="C:\Users\mrank\OneDrive - Xstrahl Ltd\VS-Projects\XPHYS\UTPmedical\bin\Debug\UTPmedical.dll" adapterTypeName="executor://mstestadapter/v2" className="UTPmedical.TST006_instructionsenums" name="TST006_ad" />
    </UnitTest>
    <UnitTest name="TST005_al" storage="c:\users\mrank\onedrive - xstrahl ltd\vs-projects\xphys\utpmedical\bin\debug\utpmedical.dll" id="54aee77b-b492-dbae-cda7-6b0f82a05813">
      <Execution id="1cfabd69-6a48-4133-b259-24be201fec9f" />
      <TestMethod codeBase="C:\Users\mrank\OneDrive - Xstrahl Ltd\VS-Projects\XPHYS\UTPmedical\bin\Debug\UTPmedical.dll" adapterTypeName="executor://mstestadapter/v2" className="UTPmedical.TST005_parameterenums" name="TST005_al" />
    </UnitTest>
    <UnitTest name="TST006_ac" storage="c:\users\mrank\onedrive - xstrahl ltd\vs-projects\xphys\utpmedical\bin\debug\utpmedical.dll" id="c02bdb86-0cb5-1289-67ec-307f7b97f66e">
      <Execution id="56b74cf8-5bab-4918-ae6f-a2116999fbf6" />
      <TestMethod codeBase="C:\Users\mrank\OneDrive - Xstrahl Ltd\VS-Projects\XPHYS\UTPmedical\bin\Debug\UTPmedical.dll" adapterTypeName="executor://mstestadapter/v2" className="UTPmedical.TST006_instructionsenums" name="TST006_ac" />
    </UnitTest>
    <UnitTest name="TST003_aa" storage="c:\users\mrank\onedrive - xstrahl ltd\vs-projects\xphys\utpmedical\bin\debug\utpmedical.dll" id="af1cf1ea-71a6-3872-cf3a-5082a23627bc">
      <Execution id="929ed511-b206-4b14-a95c-846166fd29ae" />
      <TestMethod codeBase="C:\Users\mrank\OneDrive - Xstrahl Ltd\VS-Projects\XPHYS\UTPmedical\bin\Debug\UTPmedical.dll" adapterTypeName="executor://mstestadapter/v2" className="UTPmedical.TST003_deviceparameters_enumerrorcodes" name="TST003_aa" />
    </UnitTest>
    <UnitTest name="TST005_ab" storage="c:\users\mrank\onedrive - xstrahl ltd\vs-projects\xphys\utpmedical\bin\debug\utpmedical.dll" id="b1a52b0c-869b-7f5a-e477-1eb01fc92239">
      <Execution id="1d88963f-4ae8-47fe-a7c4-e00dad59624b" />
      <TestMethod codeBase="C:\Users\mrank\OneDrive - Xstrahl Ltd\VS-Projects\XPHYS\UTPmedical\bin\Debug\UTPmedical.dll" adapterTypeName="executor://mstestadapter/v2" className="UTPmedical.TST005_parameterenums" name="TST005_ab" />
    </UnitTest>
    <UnitTest name="TST006_ae" storage="c:\users\mrank\onedrive - xstrahl ltd\vs-projects\xphys\utpmedical\bin\debug\utpmedical.dll" id="0eef4aef-3f27-47de-3f9f-d4cec1e4e367">
      <Execution id="7b725887-9ad1-43b4-ad41-8eb61bab0e5f" />
      <TestMethod codeBase="C:\Users\mrank\OneDrive - Xstrahl Ltd\VS-Projects\XPHYS\UTPmedical\bin\Debug\UTPmedical.dll" adapterTypeName="executor://mstestadapter/v2" className="UTPmedical.TST006_instructionsenums" name="TST006_ae" />
    </UnitTest>
    <UnitTest name="TST006_ab" storage="c:\users\mrank\onedrive - xstrahl ltd\vs-projects\xphys\utpmedical\bin\debug\utpmedical.dll" id="4d649048-8a61-e3a5-97f7-23cd15025df9">
      <Execution id="f12fd522-0245-4b1f-bd40-47dd7316fe3e" />
      <TestMethod codeBase="C:\Users\mrank\OneDrive - Xstrahl Ltd\VS-Projects\XPHYS\UTPmedical\bin\Debug\UTPmedical.dll" adapterTypeName="executor://mstestadapter/v2" className="UTPmedical.TST006_instructionsenums" name="TST006_ab" />
    </UnitTest>
  </TestDefinitions>
  <TestEntries>
    <TestEntry testId="28695428-1fa6-6441-0eb2-1e05fb8d157f" executionId="4908729a-d01f-4ea0-bc60-536809d5386d" testListId="8c84fa94-04c1-424b-9868-57a2d4851a1d" />
    <TestEntry testId="2bb46c4b-ad7c-98a3-0b59-dd055103715e" executionId="975914b0-e06b-4278-af7d-4295e8275863" testListId="8c84fa94-04c1-424b-9868-57a2d4851a1d" />
    <TestEntry testId="9136e2d9-62ab-c9b4-e481-1aba18494b4f" executionId="6afbe508-db34-411b-8b34-3d1bed4c7a65" testListId="8c84fa94-04c1-424b-9868-57a2d4851a1d" />
    <TestEntry testId="f2788565-3ce8-47fc-12a9-98c81a3a423a" executionId="e58520ab-7897-4883-ac71-2dc6327ab3e7" testListId="8c84fa94-04c1-424b-9868-57a2d4851a1d" />
    <TestEntry testId="e8d885a6-82e1-8f92-e3c9-3fb835040ba0" executionId="5f861d15-e2b8-42a4-ad57-1bd9d8f4c0e1" testListId="8c84fa94-04c1-424b-9868-57a2d4851a1d" />
    <TestEntry testId="c12c8960-762f-2a99-75d5-d85ac0a32c9a" executionId="ebbfd547-82b0-405b-a0c1-ef0c2ff7eaf0" testListId="8c84fa94-04c1-424b-9868-57a2d4851a1d" />
    <TestEntry testId="5a137794-418d-1165-a391-fd7375f3a625" executionId="da75bfb2-ecc9-460c-b20e-096cc67fe11f" testListId="8c84fa94-04c1-424b-9868-57a2d4851a1d" />
    <TestEntry testId="f702a9c9-056a-f730-8809-f997b2e89069" executionId="427a5ed9-75d5-4553-9821-74f04d9e351a" testListId="8c84fa94-04c1-424b-9868-57a2d4851a1d" />
    <TestEntry testId="deb2531a-a893-e3f2-914b-34d57fbf133b" executionId="42fa777c-5c1d-44dc-86f9-771c31e7349c" testListId="8c84fa94-04c1-424b-9868-57a2d4851a1d" />
    <TestEntry testId="b1a52b0c-869b-7f5a-e477-1eb01fc92239" executionId="1d88963f-4ae8-47fe-a7c4-e00dad59624b" testListId="8c84fa94-04c1-424b-9868-57a2d4851a1d" />
    <TestEntry testId="1f32da53-228f-4b1f-3252-e0884cb8363d" executionId="e46a2dbb-228e-444c-a3b5-e79690f7ffad" testListId="8c84fa94-04c1-424b-9868-57a2d4851a1d" />
    <TestEntry testId="af368b4e-bf2a-ddbd-ed71-a259d0947516" executionId="03276440-d698-4f8b-8b26-0cc8d408e2b7" testListId="8c84fa94-04c1-424b-9868-57a2d4851a1d" />
    <TestEntry testId="77ae6139-f27a-a467-0553-bd188dacd279" executionId="7dad3d51-4b57-4fd3-a8bb-1dd495d482c8" testListId="8c84fa94-04c1-424b-9868-57a2d4851a1d" />
    <TestEntry testId="605b8073-e515-3dd3-71aa-a70b9a6be632" executionId="c8192c9d-f46b-4e41-9d28-3fee9ca01ff7" testListId="8c84fa94-04c1-424b-9868-57a2d4851a1d" />
    <TestEntry testId="4d649048-8a61-e3a5-97f7-23cd15025df9" executionId="f12fd522-0245-4b1f-bd40-47dd7316fe3e" testListId="8c84fa94-04c1-424b-9868-57a2d4851a1d" />
    <TestEntry testId="6c81c83a-7b34-bb36-3c67-9abc31cf4f87" executionId="36f26303-52fa-4fc9-950e-caa82e1246f0" testListId="8c84fa94-04c1-424b-9868-57a2d4851a1d" />
    <TestEntry testId="13bff4e1-dad9-d4aa-0e7c-107f2c3d5d96" executionId="6a43eaca-150a-46a7-825c-075e1ff7ce31" testListId="8c84fa94-04c1-424b-9868-57a2d4851a1d" />
    <TestEntry testId="05741eae-1853-2998-73f7-0ab627cea30e" executionId="95e997e0-a740-49d5-8e89-1b299954b69d" testListId="8c84fa94-04c1-424b-9868-57a2d4851a1d" />
    <TestEntry testId="40e4ad06-eafd-d734-7f36-dac3b27ab356" executionId="8a4f8ae9-ac6f-4996-b7ff-873c3c148c6d" testListId="8c84fa94-04c1-424b-9868-57a2d4851a1d" />
    <TestEntry testId="3b13b257-a942-811e-f0b4-a23e9fe8f159" executionId="087b3bef-8906-4531-960a-bf6e3bd2e038" testListId="8c84fa94-04c1-424b-9868-57a2d4851a1d" />
    <TestEntry testId="0f52781f-b15d-3052-bbaa-de3f1a992540" executionId="13285e41-2afd-451e-9692-fe6f21b54eb7" testListId="8c84fa94-04c1-424b-9868-57a2d4851a1d" />
    <TestEntry testId="af1cf1ea-71a6-3872-cf3a-5082a23627bc" executionId="929ed511-b206-4b14-a95c-846166fd29ae" testListId="8c84fa94-04c1-424b-9868-57a2d4851a1d" />
    <TestEntry testId="e0c25f78-ea2e-14f0-3db9-4bf6bd866e0d" executionId="af00956a-f49b-4756-aa30-be070896c0b1" testListId="8c84fa94-04c1-424b-9868-57a2d4851a1d" />
    <TestEntry testId="bb265556-cfe0-db92-827d-5a7f88c99093" executionId="521f28e3-ece2-44c4-89f5-bb4f34ad1381" testListId="8c84fa94-04c1-424b-9868-57a2d4851a1d" />
    <TestEntry testId="8948505a-68ce-0c08-c9a1-292a959da8e0" executionId="e1e826b7-578c-4887-a217-306b823f5d4a" testListId="8c84fa94-04c1-424b-9868-57a2d4851a1d" />
    <TestEntry testId="0eef4aef-3f27-47de-3f9f-d4cec1e4e367" executionId="7b725887-9ad1-43b4-ad41-8eb61bab0e5f" testListId="8c84fa94-04c1-424b-9868-57a2d4851a1d" />
    <TestEntry testId="5d8d4483-c9b1-d3e4-01d7-3a974cbc2244" executionId="355eee9f-58ce-4cc3-91df-0efb50ad3fb8" testListId="8c84fa94-04c1-424b-9868-57a2d4851a1d" />
    <TestEntry testId="9a1e708a-254b-7f77-7aeb-94f6ec7a443a" executionId="98b59fe7-be8d-405c-af43-99ec09880492" testListId="8c84fa94-04c1-424b-9868-57a2d4851a1d" />
    <TestEntry testId="0665db7a-caf1-5006-7214-bd67a95205e6" executionId="ede271d8-8e84-4d49-ac1b-f5f02cbbf762" testListId="8c84fa94-04c1-424b-9868-57a2d4851a1d" />
    <TestEntry testId="54aee77b-b492-dbae-cda7-6b0f82a05813" executionId="1cfabd69-6a48-4133-b259-24be201fec9f" testListId="8c84fa94-04c1-424b-9868-57a2d4851a1d" />
    <TestEntry testId="bcff2b1e-f124-0487-aa2e-d64b9a6d7774" executionId="7d5c8442-7388-45ad-87b6-02cf6618a82a" testListId="8c84fa94-04c1-424b-9868-57a2d4851a1d" />
    <TestEntry testId="da9ef2b2-a39f-41be-fb22-15da2cb635bf" executionId="4c3b2ffa-2dcb-418d-b504-01cadd103562" testListId="8c84fa94-04c1-424b-9868-57a2d4851a1d" />
    <TestEntry testId="ad0c63c6-0e47-4d1f-f145-b626b18a0788" executionId="57349664-e476-4be2-94e4-039183e24af8" testListId="8c84fa94-04c1-424b-9868-57a2d4851a1d" />
    <TestEntry testId="be11eed4-bd47-6608-c643-0c1a2420db0c" executionId="bb605375-fa75-402e-aeed-b39a106fd96d" testListId="8c84fa94-04c1-424b-9868-57a2d4851a1d" />
    <TestEntry testId="fccb8cea-d0ab-1d36-bf63-c563ba6a0488" executionId="b6f653f0-4610-4e05-b89f-866190ba7d1e" testListId="8c84fa94-04c1-424b-9868-57a2d4851a1d" />
    <TestEntry testId="2860e661-a905-f6cb-f44c-2b5342d5534c" executionId="7a655660-38ec-43ea-9899-4e2f63b85caf" testListId="8c84fa94-04c1-424b-9868-57a2d4851a1d" />
    <TestEntry testId="fae3ca1a-c9a9-258b-31a0-eae9839bbbe3" executionId="c2e24679-7d4b-4fdd-b25b-90dfb214c925" testListId="8c84fa94-04c1-424b-9868-57a2d4851a1d" />
    <TestEntry testId="22652377-05e4-a4e3-c72b-fe97610b61af" executionId="122edda3-4ed4-43af-af30-2735a73ad713" testListId="8c84fa94-04c1-424b-9868-57a2d4851a1d" />
    <TestEntry testId="e64cc3c7-8a24-07f4-9d15-4dd0117bdb06" executionId="96a753f2-5292-492b-b1c1-346d7578cd08" testListId="8c84fa94-04c1-424b-9868-57a2d4851a1d" />
    <TestEntry testId="fd882934-8fec-038d-e991-6e24c7890b9b" executionId="d1f3a4f7-f791-4195-8a4c-8262474c07b2" testListId="8c84fa94-04c1-424b-9868-57a2d4851a1d" />
    <TestEntry testId="476c2554-2ba4-ccbf-6827-3a5a110aa5c6" executionId="e7586c9b-514a-4e22-b299-1f7433a9bb38" testListId="8c84fa94-04c1-424b-9868-57a2d4851a1d" />
    <TestEntry testId="ae14fd62-ca13-875b-95bd-579a503b1103" executionId="f7e6ad1f-1b02-4383-8279-9e5c5479a179" testListId="8c84fa94-04c1-424b-9868-57a2d4851a1d" />
    <TestEntry testId="458265ba-9e9d-2ec5-17c4-d92a02c2bfda" executionId="0fefa311-3a82-44b9-972b-35fac163f698" testListId="8c84fa94-04c1-424b-9868-57a2d4851a1d" />
    <TestEntry testId="4c0c810a-61fa-e372-f2f8-ef950447c7f0" executionId="e6f750ab-7337-458f-bec9-41b122a36897" testListId="8c84fa94-04c1-424b-9868-57a2d4851a1d" />
    <TestEntry testId="bb54764a-0a5f-f094-8063-6c2275b04ccc" executionId="6fda9e5d-0e17-48fb-a353-d8474f6ab67e" testListId="8c84fa94-04c1-424b-9868-57a2d4851a1d" />
    <TestEntry testId="d5bd0aa6-e8b7-e641-f8c7-e351bbc2f4d7" executionId="39f1fd84-fc74-44a0-bfe0-ce417c8744db" testListId="8c84fa94-04c1-424b-9868-57a2d4851a1d" />
    <TestEntry testId="5643952d-d554-3a01-a892-3298ec9bd92c" executionId="a17a92f1-fef6-4164-88ca-fc2632a2f3a0" testListId="8c84fa94-04c1-424b-9868-57a2d4851a1d" />
    <TestEntry testId="600cea85-74a6-d4dd-a360-efbf21b9233d" executionId="10f9fd9a-2a42-467e-8c65-31ef083285df" testListId="8c84fa94-04c1-424b-9868-57a2d4851a1d" />
    <TestEntry testId="a3e1acf9-5d4c-300c-ee6a-40a821a81b54" executionId="42fb3a4d-04cf-4e00-b2c7-d786e5966321" testListId="8c84fa94-04c1-424b-9868-57a2d4851a1d" />
    <TestEntry testId="12111f6d-31b2-fa8a-3fc8-f1b14b31068b" executionId="9124d6d5-fa4e-482a-ae80-0db414fab475" testListId="8c84fa94-04c1-424b-9868-57a2d4851a1d" />
    <TestEntry testId="7b423355-750f-b78b-bbd9-5d52d071b81e" executionId="13f64ec9-98f9-422d-8f3f-a260a4f4ec5c" testListId="8c84fa94-04c1-424b-9868-57a2d4851a1d" />
    <TestEntry testId="3809ecae-e44a-a042-fe2c-6be376c4fcee" executionId="c786eb13-999e-4897-b7d7-1298f6d97af1" testListId="8c84fa94-04c1-424b-9868-57a2d4851a1d" />
    <TestEntry testId="ba2efca7-2fed-4285-7131-ccef5424df37" executionId="752ad3fe-de04-448b-a0e3-22a433782f67" testListId="8c84fa94-04c1-424b-9868-57a2d4851a1d" />
    <TestEntry testId="bc22859f-6c8e-8eb3-c932-1c38aa8e3c7c" executionId="eddea903-40b4-458a-9455-2a7b655137ac" testListId="8c84fa94-04c1-424b-9868-57a2d4851a1d" />
    <TestEntry testId="c02bdb86-0cb5-1289-67ec-307f7b97f66e" executionId="56b74cf8-5bab-4918-ae6f-a2116999fbf6" testListId="8c84fa94-04c1-424b-9868-57a2d4851a1d" />
    <TestEntry testId="b91251ea-ed28-8cb6-76fb-f3f6ffad56d2" executionId="a35d82f6-eb51-46e0-9c15-602097c4f207" testListId="8c84fa94-04c1-424b-9868-57a2d4851a1d" />
    <TestEntry testId="40f1800f-a2dc-af94-c0eb-e59861780b40" executionId="b153b8ca-5a8a-45fe-89d4-3109aa6c0c9a" testListId="8c84fa94-04c1-424b-9868-57a2d4851a1d" />
  </TestEntries>
  <TestLists>
    <TestList name="Results Not in a List" id="8c84fa94-04c1-424b-9868-57a2d4851a1d" />
    <TestList name="All Loaded Results" id="19431567-8539-422a-85d7-44ee4e166bda" />
  </TestLists>
  <ResultSummary outcome="Completed">
    <Counters total="57" executed="57" passed="57" failed="0" error="0" timeout="0" aborted="0" inconclusive="0" passedButRunAborted="0" notRunnable="0" notExecuted="0" disconnected="0" warning="0" completed="0" inProgress="0" pending="0" />
  </ResultSummary>
</TestRun>